<?xml version="1.0" encoding="UTF-8"?>
<!-- Generated by org.testng.reporters.JUnitReportReporter -->
<testsuite hostname="GEJUD-536163" name="tjmg.pje.Integracao.RegraDeNegocio.JUnit.ClsTestaPaginaDeLoginPJE" tests="1" failures="0" timestamp="10 May 2016 11:55:29 GMT" time="9.593" errors="0">
  <testcase name="mTestaLoginNoSistemaPJEPerfilMagistrado" time="9.593" classname="tjmg.pje.Integracao.RegraDeNegocio.JUnit.ClsTestaPaginaDeLoginPJE"/>
</testsuite> <!-- tjmg.pje.Integracao.RegraDeNegocio.JUnit.ClsTestaPaginaDeLoginPJE -->
